[32m2026-06-15 22:42:53 +0800[0m - dagster - [34mDEBUG[0m - __ASSET_JOB - 266a5ff1-c3bf-4a2c-bf3a-5f6e7157e387 - 26833 - LOGS_CAPTURED - Capturing logs for process (pid: 26833).
[32m2026-06-15 22:42:53 +0800[0m - dagster - [34mDEBUG[0m - __ASSET_JOB - 266a5ff1-c3bf-4a2c-bf3a-5f6e7157e387 - 26833 - meltano_ingestion - STEP_START - Started execution of step "meltano_ingestion".
[2m2026-06-15T14:42:56.011110Z[0m [[32minfo     [0m] [36mmeltano     [0m [1mEnvironment 'dev' is active   [0m
[2m2026-06-15T14:42:58.476396Z[0m [[32minfo     [0m] [36mmeltano     [0m [1mInstalling extractor 'tap-spreadsheets-anywhere'[0m
[2m2026-06-15T14:42:58.555524Z[0m [[32minfo     [0m] [36mmeltano     [0m [1mInstalling loader 'target-bigquery'[0m
[2m2026-06-15T15:03:21.170725Z[0m [[32minfo     [0m] [36mmeltano     [0m [1mInstalled loader 'target-bigquery'[0m
[31m╭─[0m[31m───────────────────────────────────────────────────────────────────────────────────────────────────────────────[0m[31m Installation error [0m[31m────────────────────────────────────────────────────────────────────────────────────────────────────────────────[0m[31m─╮[0m
[31m│[0m Using Python 3.11.9 environment at: .meltano/extractors/tap-spreadsheets-anywhere/venv                                                                                                                                                              [31m│[0m
[31m│[0m    Updating https://github.com/RFAInc/tap-spreadsheets-anywhere.git (HEAD)                                                                                                                                                                          [31m│[0m
[31m│[0m     Updated https://github.com/RFAInc/tap-spreadsheets-anywhere.git (e32a16e4c080651f83f4bba10d41fc8e8678b9ba)                                                                                                                                      [31m│[0m
[31m│[0m Resolved 37 packages in 2m 28s                                                                                                                                                                                                                      [31m│[0m
[31m│[0m    Building singer-python==6.8.0                                                                                                                                                                                                                    [31m│[0m
[31m│[0m    Building tap-spreadsheets-anywhere @ git+https://github.com/RFAInc/tap-spreadsheets-anywhere.git@e32a16e4c080651f83f4bba10d41fc8e8678b9ba                                                                                                        [31m│[0m
[31m│[0m       Built tap-spreadsheets-anywhere @ git+https://github.com/RFAInc/tap-spreadsheets-anywhere.git@e32a16e4c080651f83f4bba10d41fc8e8678b9ba                                                                                                        [31m│[0m
[31m│[0m       Built singer-python==6.8.0                                                                                                                                                                                                                    [31m│[0m
[31m│[0m Downloading botocore (14.5MiB)                                                                                                                                                                                                                      [31m│[0m
[31m│[0m    Building cryptography==49.0.0                                                                                                                                                                                                                    [31m│[0m
[31m│[0m  Downloaded botocore                                                                                                                                                                                                                                [31m│[0m
[31m│[0m   × Failed to build `cryptography==49.0.0`                                                                                                                                                                                                          [31m│[0m
[31m│[0m   ├─▶ The build backend returned an error                                                                                                                                                                                                           [31m│[0m
[31m│[0m   ╰─▶ Call to `maturin.build_wheel` failed (exit status: 1)                                                                                                                                                                                         [31m│[0m
[31m│[0m                                                                                                                                                                                                                                                     [31m│[0m
[31m│[0m       [stdout]                                                                                                                                                                                                                                      [31m│[0m
[31m│[0m       Rust not found, installing into a temporary directory                                                                                                                                                                                         [31m│[0m
[31m│[0m                                                                                                                                                                                                                                                     [31m│[0m
[31m│[0m       [stderr]                                                                                                                                                                                                                                      [31m│[0m
[31m│[0m       Python reports SOABI: cpython-311-darwin                                                                                                                                                                                                      [31m│[0m
[31m│[0m       Computed rustc target triple: x86_64-apple-darwin                                                                                                                                                                                             [31m│[0m
[31m│[0m       Installation directory: /Users/balkis/Library/Caches/puccinialin                                                                                                                                                                              [31m│[0m
[31m│[0m       Downloading rustup-init from https://static.rust-lang.org/rustup/dist/x86_64-apple-darwin/rustup-init                                                                                                                                         [31m│[0m
[31m│[0m       Downloading rustup-init:   0%|          | 0.00/12.7M [00:00<?, ?B/s]Downloading rustup-init:   1%|          | 73.7k/12.7M [00:00<00:40, 313kB/s]Downloading rustup-init:   1%|          | 131k/12.7M [00:00<00:30, 412kB/s] Downloading       [31m│[0m
[31m│[0m       rustup-init:   2%|▏         | 270k/12.7M [00:00<00:21, 567kB/s]Downloading rustup-init:   3%|▎         | 336k/12.7M [00:00<00:28, 436kB/s]Downloading rustup-init:   4%|▎         | 467k/12.7M [00:00<00:19, 630kB/s]Downloading rustup-init: [31m│[0m
[31m│[0m       4%|▍         | 549k/12.7M [00:01<00:31, 380kB/s]Downloading rustup-init:   5%|▍         | 606k/12.7M [00:03<02:04, 96.9kB/s]Downloading rustup-init:   5%|▌         | 647k/12.7M [00:03<02:12, 90.8kB/s]Downloading rustup-init:   5%|▌       [31m│[0m
[31m│[0m       | 680k/12.7M [00:04<02:23, 83.6kB/s]Downloading rustup-init:   6%|▌         | 705k/12.7M [00:04<02:24, 83.0kB/s]Downloading rustup-init:   6%|▌         | 729k/12.7M [00:05<02:22, 84.2kB/s]Downloading rustup-init:   6%|▌         |         [31m│[0m
[31m│[0m       745k/12.7M [00:05<02:18, 86.5kB/s]Downloading rustup-init:   6%|▌         | 762k/12.7M [00:05<02:25, 82.2kB/s]Downloading rustup-init:   6%|▌         | 778k/12.7M [00:05<02:16, 87.4kB/s]Downloading rustup-init:   6%|▋         |           [31m│[0m
[31m│[0m       795k/12.7M [00:05<02:10, 91.0kB/s]Downloading rustup-init:   6%|▋         | 811k/12.7M [00:06<02:31, 78.3kB/s]Downloading rustup-init:   7%|▋         | 827k/12.7M [00:06<02:26, 80.8kB/s]Downloading rustup-init:   7%|▋         |           [31m│[0m
[31m│[0m       844k/12.7M [00:06<03:01, 65.2kB/s]Downloading rustup-init:   7%|▋         | 852k/12.7M [00:06<03:04, 64.2kB/s]Downloading rustup-init:   7%|▋         | 868k/12.7M [00:07<03:07, 62.9kB/s]Downloading rustup-init:   7%|▋         |           [31m│[0m
[31m│[0m       885k/12.7M [00:07<02:50, 69.1kB/s]Downloading rustup-init:   7%|▋         | 901k/12.7M [00:07<02:24, 81.9kB/s]Downloading rustup-init:   7%|▋         | 918k/12.7M [00:07<02:42, 72.3kB/s]Downloading rustup-init:   7%|▋         |           [31m│[0m
[31m│[0m       934k/12.7M [00:07<02:53, 67.8kB/s]Downloading rustup-init:   7%|▋         | 950k/12.7M [00:08<03:20, 58.6kB/s]Downloading rustup-init:   8%|▊         | 967k/12.7M [00:08<03:46, 51.7kB/s]Downloading rustup-init:   8%|▊         |           [31m│[0m
[31m│[0m 983k/12.7M                                                                                                                                                                                                                                          [31m│[0m
[31m│[0m       [00:08<03:33, 54.9kB/s]Downloading rustup-init:   8%|▊         | 999k/12.7M [00:09<03:27, 56.4kB/s]Downloading rustup-init:   8%|▊         | 1.02M/12.7M [00:09<03:22, 57.7kB/s]Downloading rustup-init:   8%|▊         | 1.03M/12.7M         [31m│[0m
[31m│[0m       [00:10<05:17, 36.7kB/s]Downloading rustup-init:   8%|▊         | 1.05M/12.7M [00:10<05:23, 36.0kB/s]Downloading rustup-init:   8%|▊         | 1.06M/12.7M [00:11<04:51, 39.9kB/s]Downloading rustup-init:   8%|▊         | 1.07M/12.7M        [31m│[0m
[31m│[0m       [00:11<05:15, 36.8kB/s]Downloading rustup-init:   9%|▊         | 1.08M/12.7M [00:11<05:05, 37.9kB/s]Downloading rustup-init:   9%|▊         | 1.10M/12.7M [00:12<05:30, 35.1kB/s]Downloading rustup-init:   9%|▉         | 1.11M/12.7M        [31m│[0m
[31m│[0m       [00:12<05:49, 33.1kB/s]Downloading rustup-init:   9%|▉         | 1.13M/12.7M [00:12<05:12, 37.0kB/s]Downloading rustup-init:   9%|▉         | 1.15M/12.7M [00:13<05:05, 37.8kB/s]Downloading rustup-init:   9%|▉         | 1.16M/12.7M        [31m│[0m
[31m│[0m       [00:13<03:54, 49.2kB/s]Downloading rustup-init:   9%|▉         | 1.17M/12.7M [00:13<05:04, 37.8kB/s]Downloading rustup-init:   9%|▉         | 1.19M/12.7M [00:14<05:02, 38.0kB/s]Downloading rustup-init:   9%|▉         | 1.20M/12.7M        [31m│[0m
[31m│[0m       [00:14<04:17, 44.5kB/s]Downloading rustup-init:  10%|▉         | 1.22M/12.7M [00:15<04:21, 43.9kB/s]Downloading rustup-init:  10%|▉         | 1.24M/12.7M [00:15<03:54, 48.9kB/s]Downloading rustup-init:  10%|▉         | 1.25M/12.7M        [31m│[0m
[31m│[0m       [00:15<04:26, 42.9kB/s]Downloading rustup-init:  10%|█         | 1.27M/12.7M [00:16<04:40, 40.7kB/s]Downloading rustup-init:  10%|█         | 1.29M/12.7M [00:16<04:26, 42.7kB/s]Downloading rustup-init:  10%|█         | 1.30M/12.7M        [31m│[0m
[31m│[0m       [00:16<03:33, 53.4kB/s]Downloading rustup-init:  10%|█         | 1.32M/12.7M [00:17<03:40, 51.7kB/s]Downloading rustup-init:  11%|█         | 1.34M/12.7M [00:17<03:02, 62.3kB/s]Downloading rustup-init:  11%|█         | 1.35M/12.7M        [31m│[0m
[31m│[0m       [00:17<02:31, 74.8kB/s]Downloading rustup-init:  11%|█         | 1.37M/12.7M [00:17<03:05, 61.1kB/s]Downloading rustup-init:  11%|█         | 1.38M/12.7M [00:17<02:37, 71.8kB/s]Downloading rustup-init:  11%|█         | 1.40M/12.7M        [31m│[0m
[31m│[0m       [00:18<02:46, 67.6kB/s]Downloading rustup-init:  11%|█         | 1.43M/12.7M [00:18<02:22, 78.9kB/s]Downloading rustup-init:  11%|█▏        | 1.44M/12.7M [00:18<02:06, 89.1kB/s]Downloading rustup-init:  11%|█▏        | 1.46M/12.7M        [31m│[0m
[31m│[0m       [00:18<02:21, 79.3kB/s]Downloading rustup-init:  12%|█▏        | 1.47M/12.7M [00:18<02:02, 91.6kB/s]Downloading rustup-init:  12%|█▏        | 1.49M/12.7M [00:19<02:50, 65.5kB/s]Downloading rustup-init:  12%|█▏        | 1.51M/12.7M        [31m│[0m
[31m│[0m       [00:20<05:09, 36.1kB/s]Downloading rustup-init:  12%|█▏        | 1.52M/12.7M [00:20<04:34, 40.7kB/s]Downloading rustup-init:  12%|█▏        | 1.54M/12.7M [00:20<04:45, 39.1kB/s]Downloading rustup-init:  12%|█▏        | 1.56M/12.7M        [31m│[0m
[31m│[0m       [00:21<04:43, 39.2kB/s]Downloading rustup-init:  12%|█▏        | 1.57M/12.7M [00:21<04:44, 39.1kB/s]Downloading rustup-init:  13%|█▎        | 1.59M/12.7M [00:21<03:44, 49.4kB/s]Downloading rustup-init:  13%|█▎        | 1.61M/12.7M        [31m│[0m
[31m│[0m       [00:22<03:24, 54.3kB/s]Downloading rustup-init:  13%|█▎        | 1.62M/12.7M [00:22<03:30, 52.7kB/s]Downloading rustup-init:  13%|█▎        | 1.64M/12.7M [00:22<03:40, 50.2kB/s]Downloading rustup-init:  13%|█▎        | 1.65M/12.7M        [31m│[0m
[31m│[0m       [00:23<03:34, 51.3kB/s]Downloading rustup-init:  13%|█▎        | 1.67M/12.7M [00:23<03:22, 54.3kB/s]Downloading rustup-init:  13%|█▎        | 1.69M/12.7M [00:23<02:48, 65.2kB/s]Downloading rustup-init:  13%|█▎        | 1.70M/12.7M        [31m│[0m
[31m│[0m       [00:23<03:08, 58.3kB/s]Downloading rustup-init:  14%|█▎        | 1.72M/12.7M [00:24<03:08, 58.2kB/s]Downloading rustup-init:  14%|█▍        | 1.75M/12.7M [00:24<02:28, 73.8kB/s]Downloading rustup-init:  14%|█▍        | 1.77M/12.7M        [31m│[0m
[31m│[0m       [00:24<02:27, 74.0kB/s]Downloading rustup-init:  14%|█▍        | 1.79M/12.7M [00:24<02:45, 65.9kB/s]Downloading rustup-init:  14%|█▍        | 1.80M/12.7M [00:25<02:25, 74.8kB/s]Downloading rustup-init:  14%|█▍        | 1.82M/12.7M        [31m│[0m
[31m│[0m       [00:25<02:39, 68.1kB/s]Downloading rustup-init:  14%|█▍        | 1.84M/12.7M [00:25<02:24, 75.3kB/s]Downloading rustup-init:  15%|█▍        | 1.85M/12.7M [00:25<02:15, 79.9kB/s]Downloading rustup-init:  15%|█▍        | 1.87M/12.7M        [31m│[0m
[31m│[0m       [00:26<02:43, 66.0kB/s]Downloading rustup-init:  15%|█▍        | 1.88M/12.7M [00:26<02:22, 76.1kB/s]Downloading rustup-init:  15%|█▍        | 1.90M/12.7M [00:26<02:34, 70.1kB/s]Downloading rustup-init:  15%|█▌        | 1.92M/12.7M        [31m│[0m
[31m│[0m       [00:26<02:15, 79.4kB/s]Downloading rustup-init:  15%|█▌        | 1.93M/12.7M [00:26<01:56, 92.6kB/s]Downloading rustup-init:  15%|█▌        | 1.95M/12.7M [00:27<02:19, 77.1kB/s]Downloading rustup-init:  16%|█▌        | 1.98M/12.7M        [31m│[0m
[31m│[0m       [00:27<01:47, 99.6kB/s]Downloading rustup-init:  16%|█▌        | 2.00M/12.7M [00:28<05:46, 30.9kB/s]Downloading rustup-init:  17%|█▋        | 2.10M/12.7M [00:29<02:07, 82.8kB/s]Downloading rustup-init:  17%|█▋        | 2.12M/12.7M        [31m│[0m
[31m│[0m       [00:29<01:54, 92.0kB/s]Downloading rustup-init:  17%|█▋        | 2.15M/12.7M [00:30<04:02, 43.5kB/s]Downloading rustup-init:  18%|█▊        | 2.23M/12.7M [00:31<02:18, 75.6kB/s]Downloading rustup-init:  18%|█▊        | 2.25M/12.7M        [31m│[0m
[31m│[0m       [00:31<02:03, 84.4kB/s]Downloading rustup-init:  18%|█▊        | 2.28M/12.7M [00:31<02:26, 71.2kB/s]Downloading rustup-init:  18%|█▊        | 2.29M/12.7M [00:32<02:37, 65.9kB/s]Downloading rustup-init:  18%|█▊        | 2.31M/12.7M        [31m│[0m
[31m│[0m       [00:32<02:34, 67.3kB/s]Downloading rustup-init:  18%|█▊        | 2.33M/12.7M [00:32<02:52, 60.1kB/s]Downloading rustup-init:  18%|█▊        | 2.33M/12.7M [00:33<03:05, 55.7kB/s]Downloading rustup-init:  19%|█▊        | 2.35M/12.7M        [31m│[0m
[31m│[0m       [00:33<03:11, 54.1kB/s]Downloading rustup-init:  19%|█▊        | 2.37M/12.7M [00:33<03:21, 51.2kB/s]Downloading rustup-init:  19%|█▉        | 2.38M/12.7M [00:34<05:00, 34.3kB/s]Downloading rustup-init:  19%|█▉        | 2.40M/12.7M        [31m│[0m
[31m│[0m       [00:35<04:51, 35.3kB/s]Downloading rustup-init:  19%|█▉        | 2.42M/12.7M [00:35<04:46, 35.9kB/s]Downloading rustup-init:  19%|█▉        | 2.43M/12.7M [00:35<04:27, 38.3kB/s]Downloading rustup-init:  19%|█▉        | 2.45M/12.7M        [31m│[0m
[31m│[0m       [00:36<03:41, 46.3kB/s]Downloading rustup-init:  19%|█▉        | 2.47M/12.7M [00:36<02:56, 57.8kB/s]Downloading rustup-init:  20%|█▉        | 2.48M/12.7M [00:36<03:01, 56.3kB/s]Downloading rustup-init:  20%|█▉        | 2.50M/12.7M        [31m│[0m
[31m│[0m       [00:36<02:44, 61.8kB/s]Downloading rustup-init:  20%|█▉        | 2.51M/12.7M [00:36<02:49, 59.9kB/s]Downloading rustup-init:  20%|█▉        | 2.53M/12.7M [00:37<02:35, 65.2kB/s]Downloading rustup-init:  20%|██        | 2.55M/12.7M        [31m│[0m
[31m│[0m       [00:37<02:38, 64.1kB/s]Downloading rustup-init:  20%|██        | 2.56M/12.7M [00:37<02:12, 76.2kB/s]Downloading rustup-init:  20%|██        | 2.58M/12.7M [00:37<02:11, 76.7kB/s]Downloading rustup-init:  20%|██        | 2.60M/12.7M        [31m│[0m
[31m│[0m       [00:37<02:08, 78.6kB/s]Downloading rustup-init:  21%|██        | 2.61M/12.7M [00:38<02:03, 81.9kB/s]Downloading rustup-init:  21%|██        | 2.63M/12.7M [00:38<02:39, 62.9kB/s]Downloading rustup-init:  21%|██        | 2.65M/12.7M        [31m│[0m
[31m│[0m       [00:39<03:17, 50.8kB/s]Downloading rustup-init:  21%|██        | 2.66M/12.7M [00:39<02:51, 58.3kB/s]Downloading rustup-init:  21%|██        | 2.68M/12.7M [00:39<02:32, 65.6kB/s]Downloading rustup-init:  21%|██        | 2.70M/12.7M        [31m│[0m
[31m│[0m       [00:39<02:34, 64.6kB/s]Downloading rustup-init:  21%|██▏       | 2.71M/12.7M [00:39<02:14, 74.1kB/s]Downloading rustup-init:  21%|██▏       | 2.73M/12.7M [00:40<02:25, 68.7kB/s]Downloading rustup-init:  22%|██▏       | 2.74M/12.7M        [31m│[0m
[31m│[0m       [00:40<02:11, 75.7kB/s]Downloading rustup-init:  22%|██▏       | 2.78M/12.7M [00:40<01:36, 103kB/s] Downloading rustup-init:  22%|██▏       | 2.79M/12.7M [00:40<01:40, 98.9kB/s]Downloading rustup-init:  22%|██▏       | 2.81M/12.7M        [31m│[0m
[31m│[0m       [00:40<01:37, 101kB/s] Downloading rustup-init:  22%|██▏       | 2.84M/12.7M [00:41<01:35, 103kB/s]Downloading rustup-init:  23%|██▎       | 2.86M/12.7M [00:41<01:42, 96.2kB/s]Downloading rustup-init:  23%|██▎       | 2.88M/12.7M         [31m│[0m
[31m│[0m       [00:42<04:02, 40.4kB/s]Downloading rustup-init:  23%|██▎       | 2.89M/12.7M [00:42<04:03, 40.2kB/s]Downloading rustup-init:  23%|██▎       | 2.91M/12.7M [00:43<04:58, 32.7kB/s]Downloading rustup-init:  23%|██▎       | 2.92M/12.7M        [31m│[0m
[31m│[0m       [00:43<04:26, 36.7kB/s]Downloading rustup-init:  23%|██▎       | 2.94M/12.7M [00:44<03:52, 41.9kB/s]Downloading rustup-init:  23%|██▎       | 2.96M/12.7M [00:44<03:43, 43.6kB/s]Downloading rustup-init:  23%|██▎       | 2.97M/12.7M        [31m│[0m
[31m│[0m       [00:44<03:08, 51.7kB/s]Downloading rustup-init:  24%|██▎       | 2.99M/12.7M [00:44<03:11, 50.5kB/s]Downloading rustup-init:  24%|██▍       | 3.02M/12.7M [00:45<02:31, 63.9kB/s]Downloading rustup-init:  24%|██▍       | 3.04M/12.7M        [31m│[0m
[31m│[0m       [00:45<02:45, 58.3kB/s]Downloading rustup-init:  24%|██▍       | 3.06M/12.7M [00:46<02:52, 55.7kB/s]Downloading rustup-init:  24%|██▍       | 3.07M/12.7M [00:46<02:38, 60.9kB/s]Downloading rustup-init:  24%|██▍       | 3.09M/12.7M        [31m│[0m
[31m│[0m       [00:46<02:54, 55.0kB/s]Downloading rustup-init:  24%|██▍       | 3.10M/12.7M [00:47<03:32, 45.1kB/s]Downloading rustup-init:  25%|██▍       | 3.12M/12.7M [00:47<03:32, 45.1kB/s]Downloading rustup-init:  25%|██▍       | 3.14M/12.7M        [31m│[0m
[31m│[0m       [00:47<03:13, 49.3kB/s]Downloading rustup-init:  25%|██▍       | 3.15M/12.7M [00:48<03:13, 49.3kB/s]Downloading rustup-init:  25%|██▍       | 3.17M/12.7M [00:48<03:43, 42.5kB/s]Downloading rustup-init:  25%|██▌       | 3.19M/12.7M        [31m│[0m
[31m│[0m       [00:48<03:21, 47.3kB/s]Downloading rustup-init:  25%|██▌       | 3.20M/12.7M [00:49<03:29, 45.3kB/s]Downloading rustup-init:  25%|██▌       | 3.22M/12.7M [00:49<03:16, 48.2kB/s]Downloading rustup-init:  25%|██▌       | 3.24M/12.7M        [31m│[0m
[31m│[0m       [00:49<02:54, 54.3kB/s]Downloading rustup-init:  26%|██▌       | 3.25M/12.7M [00:50<02:55, 53.8kB/s]Downloading rustup-init:  26%|██▌       | 3.27M/12.7M [00:50<02:23, 65.6kB/s]Downloading rustup-init:  26%|██▌       | 3.28M/12.7M        [31m│[0m
[31m│[0m       [00:50<02:08, 73.5kB/s]Downloading rustup-init:  26%|██▌       | 3.30M/12.7M [00:51<04:17, 36.5kB/s]Downloading rustup-init:  26%|██▌       | 3.32M/12.7M [00:51<04:20, 36.0kB/s]Downloading rustup-init:  26%|██▋       | 3.33M/12.7M        [31m│[0m
[31m│[0m       [00:51<03:30, 44.4kB/s]Downloading rustup-init:  26%|██▋       | 3.35M/12.7M [00:52<03:39, 42.5kB/s]Downloading rustup-init:  27%|██▋       | 3.37M/12.7M [00:52<04:07, 37.7kB/s]Downloading rustup-init:  27%|██▋       | 3.38M/12.7M        [31m│[0m
[31m│[0m       [00:53<03:40, 42.3kB/s]Downloading rustup-init:  27%|██▋       | 3.40M/12.7M [00:53<03:28, 44.5kB/s]Downloading rustup-init:  27%|██▋       | 3.42M/12.7M [00:54<04:29, 34.5kB/s]Downloading rustup-init:  27%|██▋       | 3.43M/12.7M        [31m│[0m
[31m│[0m       [00:54<03:50, 40.2kB/s]Downloading rustup-init:  27%|██▋       | 3.45M/12.7M [00:54<03:48, 40.4kB/s]Downloading rustup-init:  27%|██▋       | 3.48M/12.7M [00:55<02:30, 61.1kB/s]Downloading rustup-init:  28%|██▊       | 3.50M/12.7M        [31m│[0m
[31m│[0m       [00:55<02:18, 66.4kB/s]Downloading rustup-init:  28%|██▊       | 3.51M/12.7M [00:55<01:59, 76.9kB/s]Downloading rustup-init:  28%|██▊       | 3.53M/12.7M [00:55<01:51, 82.0kB/s]Downloading rustup-init:  28%|██▊       | 3.56M/12.7M        [31m│[0m
[31m│[0m       [00:55<01:41, 90.3kB/s]Downloading rustup-init:  28%|██▊       | 3.58M/12.7M [00:56<01:32, 98.1kB/s]Downloading rustup-init:  28%|██▊       | 3.60M/12.7M [00:56<01:26, 106kB/s] Downloading rustup-init:  28%|██▊       | 3.61M/12.7M        [31m│[0m
[31m│[0m       [00:56<01:43, 87.5kB/s]Downloading rustup-init:  29%|██▊       | 3.63M/12.7M [00:56<02:26, 61.7kB/s]Downloading rustup-init:  29%|██▊       | 3.65M/12.7M [00:57<02:16, 66.3kB/s]Downloading rustup-init:  29%|██▉       | 3.66M/12.7M        [31m│[0m
[31m│[0m       [00:57<02:27, 61.4kB/s]Downloading rustup-init:  29%|██▉       | 3.68M/12.7M [00:57<02:14, 67.2kB/s]Downloading rustup-init:  29%|██▉       | 3.69M/12.7M [00:57<02:00, 74.7kB/s]Downloading rustup-init:  29%|██▉       | 3.71M/12.7M        [31m│[0m
[31m│[0m       [00:58<03:25, 43.7kB/s]Downloading rustup-init:  29%|██▉       | 3.73M/12.7M [00:58<03:02, 49.2kB/s]Downloading rustup-init:  29%|██▉       | 3.74M/12.7M [00:59<03:09, 47.2kB/s]Downloading rustup-init:  30%|██▉       | 3.76M/12.7M        [31m│[0m
[31m│[0m       [00:59<02:33, 58.1kB/s]Downloading rustup-init:  30%|██▉       | 3.77M/12.7M [00:59<03:15, 45.6kB/s]Downloading rustup-init:  30%|██▉       | 3.78M/12.7M [00:59<02:43, 54.4kB/s]Downloading rustup-init:  30%|██▉       | 3.80M/12.7M        [31m│[0m
[31m│[0m       [01:00<03:00, 49.2kB/s]Downloading rustup-init:  30%|███       | 3.82M/12.7M [01:00<03:04, 48.2kB/s]Downloading rustup-init:  30%|███       | 3.83M/12.7M [01:00<03:00, 49.1kB/s]Downloading rustup-init:  30%|███       | 3.85M/12.7M        [31m│[0m
[31m│[0m       [01:01<02:57, 49.8kB/s]Downloading rustup-init:  30%|███       | 3.87M/12.7M [01:01<03:10, 46.3kB/s]Downloading rustup-init:  31%|███       | 3.88M/12.7M [01:01<02:39, 55.1kB/s]Downloading rustup-init:  31%|███       | 3.90M/12.7M        [31m│[0m
[31m│[0m       [01:02<02:49, 51.9kB/s]Downloading rustup-init:  31%|███       | 3.92M/12.7M [01:02<02:54, 50.2kB/s]Downloading rustup-init:  31%|███       | 3.93M/12.7M [01:02<03:03, 47.7kB/s]Downloading rustup-init:  31%|███       | 3.95M/12.7M        [31m│[0m
[31m│[0m       [01:03<02:58, 49.0kB/s]Downloading rustup-init:  31%|███       | 3.96M/12.7M [01:03<02:31, 57.7kB/s]Downloading rustup-init:  31%|███▏      | 3.98M/12.7M [01:03<02:42, 53.5kB/s]Downloading rustup-init:  31%|███▏      | 4.00M/12.7M        [31m│[0m
[31m│[0m       [01:03<02:12, 65.7kB/s]Downloading rustup-init:  32%|███▏      | 4.01M/12.7M [01:03<01:56, 74.5kB/s]Downloading rustup-init:  32%|███▏      | 4.03M/12.7M [01:04<02:24, 60.1kB/s]Downloading rustup-init:  32%|███▏      | 4.04M/12.7M        [31m│[0m
[31m│[0m       [01:04<02:23, 60.5kB/s]Downloading rustup-init:  32%|███▏      | 4.07M/12.7M [01:04<01:55, 74.9kB/s]Downloading rustup-init:  32%|███▏      | 4.09M/12.7M [01:04<01:44, 82.1kB/s]Downloading rustup-init:  32%|███▏      | 4.10M/12.7M        [31m│[0m
[31m│[0m       [01:05<01:34, 90.9kB/s]Downloading rustup-init:  32%|███▏      | 4.12M/12.7M [01:05<01:53, 75.3kB/s]Downloading rustup-init:  33%|███▎      | 4.14M/12.7M [01:05<01:45, 81.0kB/s]Downloading rustup-init:  33%|███▎      | 4.15M/12.7M        [31m│[0m
[31m│[0m       [01:05<02:17, 62.2kB/s]Downloading rustup-init:  33%|███▎      | 4.17M/12.7M [01:06<02:03, 69.1kB/s]Downloading rustup-init:  33%|███▎      | 4.19M/12.7M [01:06<02:18, 61.4kB/s]Downloading rustup-init:  33%|███▎      | 4.20M/12.7M        [31m│[0m
[31m│[0m       [01:06<02:05, 67.7kB/s]Downloading rustup-init:  33%|███▎      | 4.22M/12.7M [01:07<02:36, 54.1kB/s]Downloading rustup-init:  33%|███▎      | 4.24M/12.7M [01:07<02:56, 48.0kB/s]Downloading rustup-init:  34%|███▎      | 4.25M/12.7M        [31m│[0m
[31m│[0m       [01:07<02:55, 48.2kB/s]Downloading rustup-init:  34%|███▎      | 4.27M/12.7M [01:08<03:32, 39.6kB/s]Downloading rustup-init:  34%|███▍      | 4.28M/12.7M [01:08<03:46, 37.2kB/s]Downloading rustup-init:  34%|███▍      | 4.30M/12.7M        [31m│[0m
[31m│[0m       [01:09<03:25, 40.7kB/s]Downloading rustup-init:  34%|███▍      | 4.32M/12.7M [01:09<03:14, 43.0kB/s]Downloading rustup-init:  34%|███▍      | 4.33M/12.7M [01:09<02:34, 54.1kB/s]Downloading rustup-init:  34%|███▍      | 4.35M/12.7M        [31m│[0m
[31m│[0m       [01:10<02:30, 55.5kB/s]Downloading rustup-init:  34%|███▍      | 4.37M/12.7M [01:10<02:12, 62.6kB/s]Downloading rustup-init:  35%|███▍      | 4.38M/12.7M [01:10<02:43, 50.8kB/s]Downloading rustup-init:  35%|███▍      | 4.40M/12.7M        [31m│[0m
[31m│[0m       [01:11<03:04, 45.0kB/s]Downloading rustup-init:  35%|███▍      | 4.42M/12.7M [01:11<02:43, 50.6kB/s]Downloading rustup-init:  35%|███▍      | 4.43M/12.7M [01:12<04:07, 33.4kB/s]Downloading rustup-init:  35%|███▌      | 4.45M/12.7M        [31m│[0m
[31m│[0m       [01:12<03:46, 36.4kB/s]Downloading rustup-init:  35%|███▌      | 4.46M/12.7M [01:12<03:18, 41.4kB/s]Downloading rustup-init:  35%|███▌      | 4.48M/12.7M [01:13<02:57, 46.3kB/s]Downloading rustup-init:  35%|███▌      | 4.50M/12.7M        [31m│[0m
[31m│[0m       [01:13<02:30, 54.5kB/s]Downloading rustup-init:  36%|███▌      | 4.51M/12.7M [01:13<02:01, 67.1kB/s]Downloading rustup-init:  36%|███▌      | 4.53M/12.7M [01:13<02:10, 62.3kB/s]Downloading rustup-init:  36%|███▌      | 4.55M/12.7M        [31m│[0m
[31m│[0m       [01:14<02:54, 46.7kB/s]Downloading rustup-init:  36%|███▌      | 4.56M/12.7M [01:14<02:40, 50.6kB/s]Downloading rustup-init:  36%|███▌      | 4.58M/12.7M [01:14<02:48, 48.1kB/s]Downloading rustup-init:  36%|███▌      | 4.60M/12.7M        [31m│[0m
[31m│[0m       [01:15<02:43, 49.6kB/s]Downloading rustup-init:  36%|███▋      | 4.61M/12.7M [01:15<02:16, 59.3kB/s]Downloading rustup-init:  36%|███▋      | 4.63M/12.7M [01:15<01:50, 73.1kB/s]Downloading rustup-init:  37%|███▋      | 4.64M/12.7M        [31m│[0m
[31m│[0m       [01:15<02:35, 51.8kB/s]Downloading rustup-init:  37%|███▋      | 4.66M/12.7M [01:16<02:27, 54.5kB/s]Downloading rustup-init:  37%|███▋      | 4.68M/12.7M [01:16<02:07, 62.9kB/s]Downloading rustup-init:  37%|███▋      | 4.69M/12.7M        [31m│[0m
[31m│[0m       [01:16<01:53, 70.6kB/s]Downloading rustup-init:  37%|███▋      | 4.71M/12.7M [01:16<01:54, 69.6kB/s]Downloading rustup-init:  37%|███▋      | 4.73M/12.7M [01:17<01:56, 68.5kB/s]Downloading rustup-init:  37%|███▋      | 4.74M/12.7M        [31m│[0m
[31m│[0m       [01:17<02:28, 53.7kB/s]Downloading rustup-init:  38%|███▊      | 4.76M/12.7M [01:17<02:33, 51.8kB/s]Downloading rustup-init:  38%|███▊      | 4.78M/12.7M [01:18<02:09, 61.0kB/s]Downloading rustup-init:  38%|███▊      | 4.79M/12.7M        [31m│[0m
[31m│[0m       [01:18<01:49, 72.4kB/s]Downloading rustup-init:  38%|███▊      | 4.81M/12.7M [01:18<02:07, 61.9kB/s]Downloading rustup-init:  38%|███▊      | 4.83M/12.7M [01:18<02:22, 55.1kB/s]Downloading rustup-init:  38%|███▊      | 4.84M/12.7M        [31m│[0m
[31m│[0m       [01:19<02:02, 64.2kB/s]Downloading rustup-init:  38%|███▊      | 4.86M/12.7M [01:19<01:51, 70.0kB/s]Downloading rustup-init:  38%|███▊      | 4.87M/12.7M [01:19<01:59, 65.5kB/s]Downloading rustup-init:  39%|███▊      | 4.89M/12.7M        [31m│[0m
[31m│[0m       [01:19<01:38, 78.8kB/s]Downloading rustup-init:  39%|███▊      | 4.91M/12.7M [01:19<01:23, 93.3kB/s]Downloading rustup-init:  39%|███▉      | 4.92M/12.7M [01:19<01:35, 81.0kB/s]Downloading rustup-init:  39%|███▉      | 4.94M/12.7M        [31m│[0m
[31m│[0m       [01:20<01:27, 88.5kB/s]Downloading rustup-init:  39%|███▉      | 4.96M/12.7M [01:20<01:23, 92.6kB/s]Downloading rustup-init:  39%|███▉      | 4.97M/12.7M [01:20<01:43, 74.6kB/s]Downloading rustup-init:  39%|███▉      | 4.99M/12.7M        [31m│[0m
[31m│[0m       [01:20<02:03, 62.5kB/s]Downloading rustup-init:  39%|███▉      | 5.01M/12.7M [01:21<02:05, 61.5kB/s]Downloading rustup-init:  40%|███▉      | 5.02M/12.7M [01:21<02:26, 52.3kB/s]Downloading rustup-init:  40%|███▉      | 5.04M/12.7M        [31m│[0m
[31m│[0m       [01:22<02:30, 50.9kB/s]Downloading rustup-init:  40%|███▉      | 5.05M/12.7M [01:22<02:36, 48.8kB/s]Downloading rustup-init:  40%|███▉      | 5.07M/12.7M [01:22<02:28, 51.2kB/s]Downloading rustup-init:  40%|████      | 5.09M/12.7M        [31m│[0m
[31m│[0m       [01:23<02:39, 47.7kB/s]Downloading rustup-init:  40%|████      | 5.10M/12.7M [01:23<02:14, 56.5kB/s]Downloading rustup-init:  40%|████      | 5.12M/12.7M [01:23<01:58, 64.1kB/s]Downloading rustup-init:  40%|████      | 5.14M/12.7M        [31m│[0m
[31m│[0m       [01:23<02:05, 60.3kB/s]Downloading rustup-init:  41%|████      | 5.15M/12.7M [01:24<02:22, 52.9kB/s]Downloading rustup-init:  41%|████      | 5.17M/12.7M [01:24<02:57, 42.5kB/s]Downloading rustup-init:  41%|████      | 5.19M/12.7M        [31m│[0m
[31m│[0m       [01:24<02:23, 52.4kB/s]Downloading rustup-init:  41%|████      | 5.19M/12.7M [01:25<02:53, 43.3kB/s]Downloading rustup-init:  41%|████      | 5.21M/12.7M [01:25<03:14, 38.4kB/s]Downloading rustup-init:  41%|████      | 5.23M/12.7M        [31m│[0m
[31m│[0m       [01:25<02:50, 43.8kB/s]Downloading rustup-init:  41%|████▏     | 5.24M/12.7M [01:26<02:49, 44.0kB/s]Downloading rustup-init:  41%|████▏     | 5.26M/12.7M [01:26<02:29, 49.6kB/s]Downloading rustup-init:  42%|████▏     | 5.28M/12.7M        [31m│[0m
[31m│[0m       [01:26<02:31, 48.9kB/s]Downloading rustup-init:  42%|████▏     | 5.29M/12.7M [01:27<02:34, 47.9kB/s]Downloading rustup-init:  42%|████▏     | 5.31M/12.7M [01:27<02:18, 53.3kB/s]Downloading rustup-init:  42%|████▏     | 5.32M/12.7M        [31m│[0m
[31m│[0m       [01:27<01:53, 64.7kB/s]Downloading rustup-init:  42%|████▏     | 5.34M/12.7M [01:27<01:58, 62.0kB/s]Downloading rustup-init:  42%|████▏     | 5.36M/12.7M [01:28<01:38, 74.7kB/s]Downloading rustup-init:  42%|████▏     | 5.37M/12.7M        [31m│[0m
[31m│[0m       [01:28<01:47, 68.4kB/s]Downloading rustup-init:  42%|████▏     | 5.39M/12.7M [01:28<01:56, 62.9kB/s]Downloading rustup-init:  43%|████▎     | 5.41M/12.7M [01:28<02:06, 57.4kB/s]Downloading rustup-init:  43%|████▎     | 5.42M/12.7M        [31m│[0m
[31m│[0m       [01:29<01:48, 67.0kB/s]Downloading rustup-init:  43%|████▎     | 5.44M/12.7M [01:29<02:03, 58.6kB/s]Downloading rustup-init:  43%|████▎     | 5.46M/12.7M [01:29<01:45, 68.3kB/s]Downloading rustup-init:  43%|████▎     | 5.47M/12.7M        [31m│[0m
[31m│[0m       [01:29<01:55, 62.8kB/s]Downloading rustup-init:  43%|████▎     | 5.51M/12.7M [01:30<01:18, 91.1kB/s]Downloading rustup-init:  44%|████▎     | 5.52M/12.7M [01:30<01:13, 98.2kB/s]Downloading rustup-init:  44%|████▎     | 5.54M/12.7M        [31m│[0m
[31m│[0m       [01:30<01:21, 87.7kB/s]Downloading rustup-init:  44%|████▍     | 5.55M/12.7M [01:30<01:13, 97.0kB/s]Downloading rustup-init:  44%|████▍     | 5.57M/12.7M [01:30<01:11, 100kB/s] Downloading rustup-init:  44%|████▍     | 5.59M/12.7M        [31m│[0m
[31m│[0m       [01:31<01:26, 82.5kB/s]Downloading rustup-init:  44%|████▍     | 5.60M/12.7M [01:31<01:24, 83.6kB/s]Downloading rustup-init:  44%|████▍     | 5.62M/12.7M [01:31<01:36, 73.6kB/s]Downloading rustup-init:  44%|████▍     | 5.64M/12.7M        [31m│[0m
[31m│[0m       [01:31<01:22, 85.9kB/s]Downloading rustup-init:  45%|████▍     | 5.65M/12.7M [01:31<01:15, 93.0kB/s]Downloading rustup-init:  45%|████▍     | 5.67M/12.7M [01:32<01:23, 83.7kB/s]Downloading rustup-init:  45%|████▍     | 5.69M/12.7M        [31m│[0m
[31m│[0m       [01:32<01:15, 92.7kB/s]Downloading rustup-init:  45%|████▍     | 5.70M/12.7M [01:32<01:13, 95.4kB/s]Downloading rustup-init:  45%|████▌     | 5.72M/12.7M [01:32<01:17, 89.7kB/s]Downloading rustup-init:  45%|████▌     | 5.73M/12.7M        [31m│[0m
[31m│[0m       [01:32<01:13, 94.1kB/s]Downloading rustup-init:  45%|████▌     | 5.77M/12.7M [01:32<00:56, 123kB/s] Downloading rustup-init:  46%|████▌     | 5.78M/12.7M [01:33<01:20, 85.6kB/s]Downloading rustup-init:  46%|████▌     | 5.80M/12.7M        [31m│[0m
[31m│[0m       [01:33<01:44, 66.0kB/s]Downloading rustup-init:  46%|████▌     | 5.82M/12.7M [01:33<01:43, 66.4kB/s]Downloading rustup-init:  46%|████▌     | 5.82M/12.7M [01:34<02:20, 49.0kB/s]Downloading rustup-init:  46%|████▌     | 5.84M/12.7M        [31m│[0m
[31m│[0m       [01:34<02:01, 56.3kB/s]Downloading rustup-init:  46%|████▌     | 5.86M/12.7M [01:34<01:53, 60.0kB/s]Downloading rustup-init:  46%|████▋     | 5.87M/12.7M [01:34<01:47, 63.6kB/s]Downloading rustup-init:  46%|████▋     | 5.89M/12.7M        [31m│[0m
[31m│[0m       [01:35<01:53, 60.2kB/s]Downloading rustup-init:  47%|████▋     | 5.91M/12.7M [01:35<01:33, 72.8kB/s]Downloading rustup-init:  47%|████▋     | 5.92M/12.7M [01:35<01:17, 87.5kB/s]Downloading rustup-init:  47%|████▋     | 5.96M/12.7M        [31m│[0m
[31m│[0m       [01:35<01:12, 92.5kB/s]Downloading rustup-init:  47%|████▋     | 5.99M/12.7M [01:35<00:59, 113kB/s] Downloading rustup-init:  47%|████▋     | 6.00M/12.7M [01:36<01:11, 93.2kB/s]Downloading rustup-init:  47%|████▋     | 6.02M/12.7M        [31m│[0m
[31m│[0m       [01:36<01:05, 102kB/s] Downloading rustup-init:  48%|████▊     | 6.05M/12.7M [01:36<00:54, 122kB/s]Downloading rustup-init:  48%|████▊     | 6.07M/12.7M [01:36<01:15, 87.4kB/s]Downloading rustup-init:  48%|████▊     | 6.09M/12.7M         [31m│[0m
[31m│[0m       [01:37<01:11, 92.1kB/s]Downloading rustup-init:  48%|████▊     | 6.10M/12.7M [01:37<01:17, 84.5kB/s]Downloading rustup-init:  48%|████▊     | 6.12M/12.7M [01:37<01:09, 94.8kB/s]Downloading rustup-init:  48%|████▊     | 6.14M/12.7M        [31m│[0m
[31m│[0m       [01:37<01:07, 97.5kB/s]Downloading rustup-init:  48%|████▊     | 6.15M/12.7M [01:37<01:11, 91.8kB/s]Downloading rustup-init:  49%|████▊     | 6.18M/12.7M [01:37<00:57, 112kB/s] Downloading rustup-init:  49%|████▉     | 6.22M/12.7M        [31m│[0m
[31m│[0m       [01:38<01:07, 95.9kB/s]Downloading rustup-init:  49%|████▉     | 6.25M/12.7M [01:38<01:11, 90.4kB/s]Downloading rustup-init:  49%|████▉     | 6.27M/12.7M [01:39<01:19, 81.0kB/s]Downloading rustup-init:  50%|████▉     | 6.28M/12.7M        [31m│[0m
[31m│[0m       [01:39<01:22, 77.8kB/s]Downloading rustup-init:  50%|████▉     | 6.30M/12.7M [01:39<01:14, 85.5kB/s]Downloading rustup-init:  50%|████▉     | 6.32M/12.7M [01:39<01:12, 87.6kB/s]Downloading rustup-init:  50%|████▉     | 6.33M/12.7M        [31m│[0m
[31m│[0m       [01:40<01:42, 62.3kB/s]Downloading rustup-init:  50%|█████     | 6.35M/12.7M [01:40<01:53, 55.9kB/s]Downloading rustup-init:  50%|█████     | 6.37M/12.7M [01:40<01:37, 65.1kB/s]Downloading rustup-init:  50%|█████     | 6.38M/12.7M        [31m│[0m
[31m│[0m       [01:40<01:39, 63.1kB/s]Downloading rustup-init:  50%|█████     | 6.40M/12.7M [01:41<01:24, 74.2kB/s]Downloading rustup-init:  51%|█████     | 6.41M/12.7M [01:41<01:11, 87.5kB/s]Downloading rustup-init:  51%|█████     | 6.45M/12.7M        [31m│[0m
[31m│[0m       [01:41<01:04, 97.4kB/s]Downloading rustup-init:  51%|█████     | 6.46M/12.7M [01:41<01:00, 103kB/s] Downloading rustup-init:  51%|█████     | 6.48M/12.7M [01:41<00:54, 114kB/s]Downloading rustup-init:  51%|█████     | 6.50M/12.7M         [31m│[0m
[31m│[0m       [01:41<00:49, 124kB/s]Downloading rustup-init:  51%|█████▏    | 6.51M/12.7M [01:42<01:05, 94.9kB/s]Downloading rustup-init:  51%|█████▏    | 6.53M/12.7M [01:42<01:03, 96.5kB/s]Downloading rustup-init:  52%|█████▏    | 6.55M/12.7M         [31m│[0m
[31m│[0m       [01:42<00:58, 105kB/s] Downloading rustup-init:  52%|█████▏    | 6.56M/12.7M [01:42<01:16, 79.7kB/s]Downloading rustup-init:  52%|█████▏    | 6.59M/12.7M [01:42<01:11, 85.3kB/s]Downloading rustup-init:  52%|█████▏    | 6.62M/12.7M        [31m│[0m
[31m│[0m       [01:43<01:08, 88.1kB/s]Downloading rustup-init:  52%|█████▏    | 6.64M/12.7M [01:43<01:16, 79.4kB/s]Downloading rustup-init:  52%|█████▏    | 6.65M/12.7M [01:43<01:08, 88.4kB/s]Downloading rustup-init:  53%|█████▎    | 6.67M/12.7M        [31m│[0m
[31m│[0m       [01:43<01:10, 85.9kB/s]Downloading rustup-init:  53%|█████▎    | 6.68M/12.7M [01:44<01:23, 72.1kB/s]Downloading rustup-init:  53%|█████▎    | 6.70M/12.7M [01:44<01:39, 60.0kB/s]Downloading rustup-init:  53%|█████▎    | 6.72M/12.7M        [31m│[0m
[31m│[0m       [01:44<01:26, 69.1kB/s]Downloading rustup-init:  53%|█████▎    | 6.73M/12.7M [01:44<01:15, 79.3kB/s]Downloading rustup-init:  53%|█████▎    | 6.75M/12.7M [01:45<01:19, 74.5kB/s]Downloading rustup-init:  53%|█████▎    | 6.77M/12.7M        [31m│[0m
[31m│[0m       [01:45<01:14, 80.0kB/s]Downloading rustup-init:  54%|█████▎    | 6.80M/12.7M [01:45<01:12, 81.0kB/s]Downloading rustup-init:  54%|█████▎    | 6.82M/12.7M [01:45<01:14, 79.3kB/s]Downloading rustup-init:  54%|█████▍    | 6.83M/12.7M        [31m│[0m
[31m│[0m       [01:46<01:18, 75.1kB/s]Downloading rustup-init:  54%|█████▍    | 6.85M/12.7M [01:46<01:15, 76.9kB/s]Downloading rustup-init:  54%|█████▍    | 6.86M/12.7M [01:46<01:27, 67.0kB/s]Downloading rustup-init:  54%|█████▍    | 6.88M/12.7M        [31m│[0m
[31m│[0m       [01:46<01:21, 70.9kB/s]Downloading rustup-init:  54%|█████▍    | 6.90M/12.7M [01:46<01:09, 83.2kB/s]Downloading rustup-init:  54%|█████▍    | 6.91M/12.7M [01:47<01:28, 65.6kB/s]Downloading rustup-init:  55%|█████▍    | 6.93M/12.7M        [31m│[0m
[31m│[0m       [01:47<01:17, 74.8kB/s]Downloading rustup-init:  55%|█████▍    | 6.95M/12.7M [01:47<01:38, 58.2kB/s]Downloading rustup-init:  55%|█████▍    | 6.96M/12.7M [01:48<01:51, 51.3kB/s]Downloading rustup-init:  55%|█████▍    | 6.98M/12.7M        [31m│[0m
[31m│[0m       [01:48<01:32, 62.0kB/s]Downloading rustup-init:  55%|█████▌    | 7.00M/12.7M [01:48<01:39, 57.0kB/s]Downloading rustup-init:  55%|█████▌    | 7.01M/12.7M [01:48<01:27, 64.9kB/s]Downloading rustup-init:  55%|█████▌    | 7.03M/12.7M        [31m│[0m
[31m│[0m       [01:49<01:48, 52.2kB/s]Downloading rustup-init:  56%|█████▌    | 7.05M/12.7M [01:49<01:54, 49.5kB/s]Downloading rustup-init:  56%|█████▌    | 7.06M/12.7M [01:49<01:38, 57.1kB/s]Downloading rustup-init:  56%|█████▌    | 7.08M/12.7M        [31m│[0m
[31m│[0m       [01:50<01:25, 65.5kB/s]Downloading rustup-init:  56%|█████▌    | 7.09M/12.7M [01:50<01:29, 62.5kB/s]Downloading rustup-init:  56%|█████▌    | 7.11M/12.7M [01:50<01:26, 64.6kB/s]Downloading rustup-init:  56%|█████▌    | 7.13M/12.7M        [31m│[0m
[31m│[0m       [01:50<01:28, 62.8kB/s]Downloading rustup-init:  56%|█████▋    | 7.14M/12.7M [01:51<01:26, 64.4kB/s]Downloading rustup-init:  56%|█████▋    | 7.16M/12.7M [01:51<01:45, 52.6kB/s]Downloading rustup-init:  57%|█████▋    | 7.18M/12.7M        [31m│[0m
[31m│[0m       [01:51<01:47, 51.4kB/s]Downloading rustup-init:  57%|█████▋    | 7.19M/12.7M [01:52<01:30, 60.6kB/s]Downloading rustup-init:  57%|█████▋    | 7.20M/12.7M [01:52<01:49, 50.0kB/s]Downloading rustup-init:  57%|█████▋    | 7.22M/12.7M        [31m│[0m
[31m│[0m       [01:52<01:40, 54.4kB/s]Downloading rustup-init:  57%|█████▋    | 7.23M/12.7M [01:52<01:37, 55.9kB/s]Downloading rustup-init:  57%|█████▋    | 7.25M/12.7M [01:53<01:22, 65.7kB/s]Downloading rustup-init:  57%|█████▋    | 7.27M/12.7M        [31m│[0m
[31m│[0m       [01:53<01:35, 57.0kB/s]Downloading rustup-init:  57%|█████▋    | 7.28M/12.7M [01:53<01:30, 59.6kB/s]Downloading rustup-init:  58%|█████▊    | 7.30M/12.7M [01:54<01:42, 52.4kB/s]Downloading rustup-init:  58%|█████▊    | 7.32M/12.7M        [31m│[0m
[31m│[0m       [01:54<01:35, 56.5kB/s]Downloading rustup-init:  58%|█████▊    | 7.33M/12.7M [01:54<01:41, 52.7kB/s]Downloading rustup-init:  58%|█████▊    | 7.35M/12.7M [01:54<01:23, 63.7kB/s]Downloading rustup-init:  58%|█████▊    | 7.36M/12.7M        [31m│[0m
[31m│[0m       [01:55<01:27, 60.9kB/s]Downloading rustup-init:  58%|█████▊    | 7.38M/12.7M [01:55<01:12, 73.3kB/s]Downloading rustup-init:  58%|█████▊    | 7.40M/12.7M [01:55<01:20, 65.7kB/s]Downloading rustup-init:  58%|█████▊    | 7.41M/12.7M        [31m│[0m
[31m│[0m       [01:55<01:09, 75.7kB/s]Downloading rustup-init:  59%|█████▊    | 7.45M/12.7M [01:55<00:53, 97.1kB/s]Downloading rustup-init:  59%|█████▉    | 7.46M/12.7M [01:56<00:56, 92.1kB/s]Downloading rustup-init:  59%|█████▉    | 7.48M/12.7M        [31m│[0m
[31m│[0m       [01:56<00:51, 102kB/s] Downloading rustup-init:  59%|█████▉    | 7.50M/12.7M [01:56<00:48, 107kB/s]Downloading rustup-init:  59%|█████▉    | 7.51M/12.7M [01:56<01:14, 69.9kB/s]Downloading rustup-init:  59%|█████▉    | 7.53M/12.7M         [31m│[0m
[31m│[0m       [01:57<01:06, 77.4kB/s]Downloading rustup-init:  59%|█████▉    | 7.54M/12.7M [01:57<01:19, 64.5kB/s]Downloading rustup-init:  60%|█████▉    | 7.56M/12.7M [01:57<01:26, 59.6kB/s]Downloading rustup-init:  60%|█████▉    | 7.58M/12.7M        [31m│[0m
[31m│[0m       [01:57<01:20, 63.3kB/s]Downloading rustup-init:  60%|█████▉    | 7.59M/12.7M [01:58<01:39, 51.4kB/s]Downloading rustup-init:  60%|█████▉    | 7.61M/12.7M [01:58<01:27, 58.1kB/s]Downloading rustup-init:  60%|██████    | 7.63M/12.7M        [31m│[0m
[31m│[0m       [01:58<01:34, 53.8kB/s]Downloading rustup-init:  60%|██████    | 7.64M/12.7M [01:59<01:19, 63.7kB/s]Downloading rustup-init:  60%|██████    | 7.66M/12.7M [01:59<01:18, 63.9kB/s]Downloading rustup-init:  61%|██████    | 7.69M/12.7M        [31m│[0m
[31m│[0m       [01:59<00:54, 91.7kB/s]Downloading rustup-init:  61%|██████    | 7.73M/12.7M [01:59<00:50, 98.3kB/s]Downloading rustup-init:  61%|██████    | 7.76M/12.7M [01:59<00:41, 120kB/s] Downloading rustup-init:  61%|██████▏   | 7.79M/12.7M        [31m│[0m
[31m│[0m       [02:00<00:36, 133kB/s]Downloading rustup-init:  62%|██████▏   | 7.81M/12.7M [02:00<00:41, 118kB/s]Downloading rustup-init:  62%|██████▏   | 7.82M/12.7M [02:00<00:39, 124kB/s]Downloading rustup-init:  62%|██████▏   | 7.84M/12.7M           [31m│[0m
[31m│[0m       [02:00<00:59, 81.6kB/s]Downloading rustup-init:  62%|██████▏   | 7.86M/12.7M [02:01<01:00, 80.4kB/s]Downloading rustup-init:  62%|██████▏   | 7.87M/12.7M [02:01<01:04, 75.1kB/s]Downloading rustup-init:  62%|██████▏   | 7.89M/12.7M        [31m│[0m
[31m│[0m       [02:01<00:59, 80.6kB/s]Downloading rustup-init:  62%|██████▏   | 7.91M/12.7M [02:01<00:53, 90.1kB/s]Downloading rustup-init:  62%|██████▏   | 7.92M/12.7M [02:01<00:57, 83.4kB/s]Downloading rustup-init:  63%|██████▎   | 7.94M/12.7M        [31m│[0m
[31m│[0m       [02:01<00:50, 94.9kB/s]Downloading rustup-init:  63%|██████▎   | 7.95M/12.7M [02:02<00:50, 93.1kB/s]Downloading rustup-init:  63%|██████▎   | 7.97M/12.7M [02:02<00:59, 78.8kB/s]Downloading rustup-init:  63%|██████▎   | 7.99M/12.7M        [31m│[0m
[31m│[0m       [02:02<00:53, 88.0kB/s]Downloading rustup-init:  63%|██████▎   | 8.00M/12.7M [02:02<01:11, 65.7kB/s]Downloading rustup-init:  63%|██████▎   | 8.02M/12.7M [02:03<01:04, 72.2kB/s]Downloading rustup-init:  63%|██████▎   | 8.04M/12.7M        [31m│[0m
[31m│[0m       [02:03<00:54, 84.9kB/s]Downloading rustup-init:  63%|██████▎   | 8.05M/12.7M [02:03<01:02, 74.6kB/s]Downloading rustup-init:  64%|██████▎   | 8.07M/12.7M [02:03<00:54, 85.2kB/s]Downloading rustup-init:  64%|██████▎   | 8.09M/12.7M        [31m│[0m
[31m│[0m       [02:03<01:01, 74.4kB/s]Downloading rustup-init:  64%|██████▍   | 8.10M/12.7M [02:04<00:51, 88.3kB/s]Downloading rustup-init:  64%|██████▍   | 8.12M/12.7M [02:04<00:51, 88.4kB/s]Downloading rustup-init:  64%|██████▍   | 8.13M/12.7M        [31m│[0m
[31m│[0m       [02:04<01:01, 74.6kB/s]Downloading rustup-init:  64%|██████▍   | 8.15M/12.7M [02:04<00:56, 79.9kB/s]Downloading rustup-init:  64%|██████▍   | 8.17M/12.7M [02:05<01:08, 66.4kB/s]Downloading rustup-init:  64%|██████▍   | 8.18M/12.7M        [31m│[0m
[31m│[0m       [02:05<01:04, 69.7kB/s]Downloading rustup-init:  65%|██████▍   | 8.20M/12.7M [02:05<01:11, 63.1kB/s]Downloading rustup-init:  65%|██████▍   | 8.22M/12.7M [02:05<01:03, 70.0kB/s]Downloading rustup-init:  65%|██████▍   | 8.23M/12.7M        [31m│[0m
[31m│[0m       [02:06<01:09, 63.8kB/s]Downloading rustup-init:  65%|██████▌   | 8.25M/12.7M [02:06<01:37, 45.4kB/s]Downloading rustup-init:  65%|██████▌   | 8.27M/12.7M [02:06<01:24, 52.6kB/s]Downloading rustup-init:  65%|██████▌   | 8.28M/12.7M        [31m│[0m
[31m│[0m       [02:07<01:27, 50.6kB/s]Downloading rustup-init:  65%|██████▌   | 8.30M/12.7M [02:07<01:41, 43.3kB/s]Downloading rustup-init:  66%|██████▌   | 8.31M/12.7M [02:07<01:25, 51.2kB/s]Downloading rustup-init:  66%|██████▌   | 8.33M/12.7M        [31m│[0m
[31m│[0m       [02:08<01:30, 48.2kB/s]Downloading rustup-init:  66%|██████▌   | 8.35M/12.7M [02:08<01:33, 46.6kB/s]Downloading rustup-init:  66%|██████▌   | 8.36M/12.7M [02:08<01:16, 56.5kB/s]Downloading rustup-init:  66%|██████▌   | 8.37M/12.7M        [31m│[0m
[31m│[0m       [02:09<01:38, 44.0kB/s]Downloading rustup-init:  66%|██████▌   | 8.39M/12.7M [02:09<01:24, 51.2kB/s]Downloading rustup-init:  66%|██████▌   | 8.40M/12.7M [02:09<01:27, 48.9kB/s]Downloading rustup-init:  66%|██████▋   | 8.42M/12.7M        [31m│[0m
[31m│[0m       [02:10<01:31, 46.8kB/s]Downloading rustup-init:  66%|██████▋   | 8.44M/12.7M [02:10<01:22, 51.6kB/s]Downloading rustup-init:  67%|██████▋   | 8.45M/12.7M [02:10<01:23, 51.1kB/s]Downloading rustup-init:  67%|██████▋   | 8.47M/12.7M        [31m│[0m
[31m│[0m       [02:10<01:01, 69.1kB/s]Downloading rustup-init:  67%|██████▋   | 8.49M/12.7M [02:10<00:55, 76.2kB/s]Downloading rustup-init:  67%|██████▋   | 8.50M/12.7M [02:11<00:46, 90.1kB/s]Downloading rustup-init:  67%|██████▋   | 8.52M/12.7M        [31m│[0m
[31m│[0m       [02:11<00:52, 80.0kB/s]Downloading rustup-init:  67%|██████▋   | 8.54M/12.7M [02:11<00:48, 85.8kB/s]Downloading rustup-init:  67%|██████▋   | 8.55M/12.7M [02:11<00:47, 87.9kB/s]Downloading rustup-init:  68%|██████▊   | 8.57M/12.7M        [31m│[0m
[31m│[0m       [02:11<00:51, 80.0kB/s]Downloading rustup-init:  68%|██████▊   | 8.59M/12.7M [02:12<00:46, 87.5kB/s]Downloading rustup-init:  68%|██████▊   | 8.60M/12.7M [02:12<00:42, 96.8kB/s]Downloading rustup-init:  68%|██████▊   | 8.62M/12.7M        [31m│[0m
[31m│[0m       [02:12<00:53, 76.7kB/s]Downloading rustup-init:  68%|██████▊   | 8.63M/12.7M [02:13<01:26, 46.9kB/s]Downloading rustup-init:  68%|██████▊   | 8.65M/12.7M [02:13<01:39, 40.6kB/s]Downloading rustup-init:  68%|██████▊   | 8.67M/12.7M        [31m│[0m
[31m│[0m       [02:14<01:38, 41.0kB/s]Downloading rustup-init:  68%|██████▊   | 8.68M/12.7M [02:14<01:21, 49.0kB/s]Downloading rustup-init:  69%|██████▊   | 8.70M/12.7M [02:14<01:21, 49.2kB/s]Downloading rustup-init:  69%|██████▊   | 8.72M/12.7M        [31m│[0m
[31m│[0m       [02:14<01:09, 57.2kB/s]Downloading rustup-init:  69%|██████▉   | 8.73M/12.7M [02:14<01:04, 61.4kB/s]Downloading rustup-init:  69%|██████▉   | 8.75M/12.7M [02:15<00:52, 74.8kB/s]Downloading rustup-init:  69%|██████▉   | 8.77M/12.7M        [31m│[0m
[31m│[0m       [02:15<00:44, 88.9kB/s]Downloading rustup-init:  69%|██████▉   | 8.80M/12.7M [02:15<00:40, 95.2kB/s]Downloading rustup-init:  69%|██████▉   | 8.81M/12.7M [02:15<00:38, 102kB/s] Downloading rustup-init:  70%|██████▉   | 8.83M/12.7M        [31m│[0m
[31m│[0m       [02:15<00:36, 105kB/s]Downloading rustup-init:  70%|██████▉   | 8.85M/12.7M [02:16<00:43, 89.2kB/s]Downloading rustup-init:  70%|██████▉   | 8.86M/12.7M [02:16<00:50, 76.2kB/s]Downloading rustup-init:  70%|██████▉   | 8.88M/12.7M         [31m│[0m
[31m│[0m       [02:16<00:59, 64.2kB/s]Downloading rustup-init:  70%|███████   | 8.90M/12.7M [02:16<00:56, 66.8kB/s]Downloading rustup-init:  70%|███████   | 8.91M/12.7M [02:17<01:33, 40.5kB/s]Downloading rustup-init:  70%|███████   | 8.93M/12.7M        [31m│[0m
[31m│[0m       [02:18<01:38, 38.3kB/s]Downloading rustup-init:  70%|███████   | 8.95M/12.7M [02:18<01:23, 44.9kB/s]Downloading rustup-init:  71%|███████   | 8.95M/12.7M [02:18<01:37, 38.3kB/s]Downloading rustup-init:  71%|███████   | 8.97M/12.7M        [31m│[0m
[31m│[0m       [02:19<01:22, 45.2kB/s]Downloading rustup-init:  71%|███████   | 8.99M/12.7M [02:19<01:18, 47.4kB/s]Downloading rustup-init:  71%|███████   | 9.00M/12.7M [02:19<01:09, 52.8kB/s]Downloading rustup-init:  71%|███████   | 9.02M/12.7M        [31m│[0m
[31m│[0m       [02:19<01:11, 51.1kB/s]Downloading rustup-init:  71%|███████   | 9.04M/12.7M [02:20<01:13, 49.7kB/s]Downloading rustup-init:  71%|███████▏  | 9.05M/12.7M [02:20<01:14, 48.7kB/s]Downloading rustup-init:  71%|███████▏  | 9.07M/12.7M        [31m│[0m
[31m│[0m       [02:20<01:17, 47.0kB/s]Downloading rustup-init:  72%|███████▏  | 9.08M/12.7M [02:21<01:14, 48.1kB/s]Downloading rustup-init:  72%|███████▏  | 9.10M/12.7M [02:21<01:09, 51.9kB/s]Downloading rustup-init:  72%|███████▏  | 9.12M/12.7M        [31m│[0m
[31m│[0m       [02:21<01:05, 54.4kB/s]Downloading rustup-init:  72%|███████▏  | 9.13M/12.7M [02:21<00:57, 62.0kB/s]Downloading rustup-init:  72%|███████▏  | 9.17M/12.7M [02:22<00:38, 90.8kB/s]Downloading rustup-init:  72%|███████▏  | 9.18M/12.7M        [31m│[0m
[31m│[0m       [02:22<00:44, 78.8kB/s]Downloading rustup-init:  73%|███████▎  | 9.22M/12.7M [02:22<00:47, 73.9kB/s]Downloading rustup-init:  73%|███████▎  | 9.23M/12.7M [02:23<00:44, 78.5kB/s]Downloading rustup-init:  73%|███████▎  | 9.25M/12.7M        [31m│[0m
[31m│[0m       [02:23<00:53, 64.7kB/s]Downloading rustup-init:  73%|███████▎  | 9.27M/12.7M [02:23<00:49, 69.0kB/s]Downloading rustup-init:  73%|███████▎  | 9.28M/12.7M [02:23<00:49, 69.4kB/s]Downloading rustup-init:  73%|███████▎  | 9.30M/12.7M        [31m│[0m
[31m│[0m       [02:24<00:44, 76.8kB/s]Downloading rustup-init:  73%|███████▎  | 9.31M/12.7M [02:24<00:37, 89.0kB/s]Downloading rustup-init:  74%|███████▎  | 9.33M/12.7M [02:24<00:42, 79.6kB/s]Downloading rustup-init:  74%|███████▎  | 9.35M/12.7M        [31m│[0m
[31m│[0m       [02:24<00:42, 78.9kB/s]Downloading rustup-init:  74%|███████▍  | 9.38M/12.7M [02:25<00:40, 81.0kB/s]Downloading rustup-init:  74%|███████▍  | 9.41M/12.7M [02:25<00:34, 95.5kB/s]Downloading rustup-init:  74%|███████▍  | 9.43M/12.7M        [31m│[0m
[31m│[0m       [02:25<00:39, 81.8kB/s]Downloading rustup-init:  74%|███████▍  | 9.45M/12.7M [02:25<00:37, 86.8kB/s]Downloading rustup-init:  75%|███████▍  | 9.46M/12.7M [02:25<00:32, 97.9kB/s]Downloading rustup-init:  75%|███████▍  | 9.48M/12.7M        [31m│[0m
[31m│[0m       [02:26<00:43, 73.2kB/s]Downloading rustup-init:  75%|███████▍  | 9.49M/12.7M [02:26<00:48, 66.5kB/s]Downloading rustup-init:  75%|███████▍  | 9.50M/12.7M [02:26<00:47, 66.6kB/s]Downloading rustup-init:  75%|███████▌  | 9.54M/12.7M        [31m│[0m
[31m│[0m       [02:27<00:43, 73.0kB/s]Downloading rustup-init:  75%|███████▌  | 9.55M/12.7M [02:27<00:38, 81.5kB/s]Downloading rustup-init:  75%|███████▌  | 9.57M/12.7M [02:27<00:35, 88.1kB/s]Downloading rustup-init:  76%|███████▌  | 9.58M/12.7M        [31m│[0m
[31m│[0m       [02:27<00:41, 75.0kB/s]Downloading rustup-init:  76%|███████▌  | 9.60M/12.7M [02:27<00:39, 77.8kB/s]Downloading rustup-init:  76%|███████▌  | 9.62M/12.7M [02:27<00:34, 90.1kB/s]Downloading rustup-init:  76%|███████▌  | 9.63M/12.7M        [31m│[0m
[31m│[0m       [02:28<00:40, 75.0kB/s]Downloading rustup-init:  76%|███████▌  | 9.65M/12.7M [02:28<00:40, 75.5kB/s]Downloading rustup-init:  76%|███████▌  | 9.67M/12.7M [02:28<00:52, 57.8kB/s]Downloading rustup-init:  76%|███████▋  | 9.68M/12.7M        [31m│[0m
[31m│[0m       [02:29<00:56, 52.9kB/s]Downloading rustup-init:  76%|███████▋  | 9.70M/12.7M [02:29<00:49, 60.4kB/s]Downloading rustup-init:  77%|███████▋  | 9.72M/12.7M [02:29<00:58, 51.3kB/s]Downloading rustup-init:  77%|███████▋  | 9.73M/12.7M        [31m│[0m
[31m│[0m       [02:30<01:00, 48.9kB/s]Downloading rustup-init:  77%|███████▋  | 9.75M/12.7M [02:30<00:58, 50.7kB/s]Downloading rustup-init:  77%|███████▋  | 9.76M/12.7M [02:30<00:54, 53.5kB/s]Downloading rustup-init:  77%|███████▋  | 9.78M/12.7M        [31m│[0m
[31m│[0m       [02:30<00:46, 63.0kB/s]Downloading rustup-init:  77%|███████▋  | 9.80M/12.7M [02:31<00:48, 59.4kB/s]Downloading rustup-init:  77%|███████▋  | 9.81M/12.7M [02:31<00:48, 59.2kB/s]Downloading rustup-init:  77%|███████▋  | 9.83M/12.7M        [31m│[0m
[31m│[0m       [02:32<01:48, 26.5kB/s]Downloading rustup-init:  78%|███████▊  | 9.85M/12.7M [02:33<01:24, 33.8kB/s]Downloading rustup-init:  78%|███████▊  | 9.86M/12.7M [02:33<01:24, 33.6kB/s]Downloading rustup-init:  78%|███████▊  | 9.88M/12.7M        [31m│[0m
[31m│[0m       [02:34<01:24, 33.2kB/s]Downloading rustup-init:  78%|███████▊  | 9.90M/12.7M [02:34<01:14, 37.7kB/s]Downloading rustup-init:  78%|███████▊  | 9.91M/12.7M [02:34<01:02, 44.7kB/s]Downloading rustup-init:  78%|███████▊  | 9.95M/12.7M        [31m│[0m
[31m│[0m       [02:34<00:45, 60.7kB/s]Downloading rustup-init:  78%|███████▊  | 9.96M/12.7M [02:35<00:39, 69.0kB/s]Downloading rustup-init:  79%|███████▊  | 9.99M/12.7M [02:35<00:34, 78.9kB/s]Downloading rustup-init:  79%|███████▉  | 10.0M/12.7M        [31m│[0m
[31m│[0m       [02:35<00:30, 86.6kB/s]Downloading rustup-init:  79%|███████▉  | 10.0M/12.7M [02:35<00:30, 87.5kB/s]Downloading rustup-init:  79%|███████▉  | 10.0M/12.7M [02:36<00:38, 69.3kB/s]Downloading rustup-init:  79%|███████▉  | 10.1M/12.7M        [31m│[0m
[31m│[0m       [02:36<00:33, 78.4kB/s]Downloading rustup-init:  79%|███████▉  | 10.1M/12.7M [02:36<00:39, 66.1kB/s]Downloading rustup-init:  80%|███████▉  | 10.1M/12.7M [02:36<00:26, 99.2kB/s]Downloading rustup-init:  80%|███████▉  | 10.1M/12.7M        [31m│[0m
[31m│[0m       [02:36<00:23, 109kB/s] Downloading rustup-init:  80%|███████▉  | 10.1M/12.7M [02:37<00:26, 96.3kB/s]Downloading rustup-init:  80%|████████  | 10.2M/12.7M [02:37<00:21, 118kB/s] Downloading rustup-init:  80%|████████  | 10.2M/12.7M        [31m│[0m
[31m│[0m       [02:37<00:16, 149kB/s]Downloading rustup-init:  81%|████████  | 10.2M/12.7M [02:37<00:17, 138kB/s]Downloading rustup-init:  81%|████████  | 10.2M/12.7M [02:37<00:17, 136kB/s]Downloading rustup-init:  81%|████████  | 10.3M/12.7M           [31m│[0m
[31m│[0m       [02:37<00:14, 163kB/s]Downloading rustup-init:  81%|████████  | 10.3M/12.7M [02:38<00:19, 122kB/s]Downloading rustup-init:  81%|████████▏ | 10.3M/12.7M [02:38<00:17, 136kB/s]Downloading rustup-init:  82%|████████▏ | 10.4M/12.7M           [31m│[0m
[31m│[0m       [02:38<00:18, 129kB/s]Downloading rustup-init:  82%|████████▏ | 10.4M/12.7M [02:38<00:17, 132kB/s]Downloading rustup-init:  82%|████████▏ | 10.4M/12.7M [02:38<00:17, 133kB/s]Downloading rustup-init:  82%|████████▏ | 10.4M/12.7M           [31m│[0m
[31m│[0m       [02:39<00:20, 113kB/s]Downloading rustup-init:  82%|████████▏ | 10.4M/12.7M [02:39<00:19, 115kB/s]Downloading rustup-init:  82%|████████▏ | 10.5M/12.7M [02:39<00:18, 120kB/s]Downloading rustup-init:  83%|████████▎ | 10.5M/12.7M           [31m│[0m
[31m│[0m       [02:39<00:20, 106kB/s]Downloading rustup-init:  83%|████████▎ | 10.5M/12.7M [02:39<00:16, 133kB/s]Downloading rustup-init:  83%|████████▎ | 10.5M/12.7M [02:39<00:16, 134kB/s]Downloading rustup-init:  83%|████████▎ | 10.6M/12.7M           [31m│[0m
[31m│[0m       [02:40<00:15, 134kB/s]Downloading rustup-init:  83%|████████▎ | 10.6M/12.7M [02:40<00:15, 134kB/s]Downloading rustup-init:  84%|████████▎ | 10.6M/12.7M [02:41<00:22, 90.5kB/s]Downloading rustup-init:  84%|████████▍ | 10.6M/12.7M          [31m│[0m
[31m│[0m       [02:41<00:23, 87.4kB/s]Downloading rustup-init:  84%|████████▍ | 10.7M/12.7M [02:41<00:21, 96.5kB/s]Downloading rustup-init:  84%|████████▍ | 10.7M/12.7M [02:41<00:18, 107kB/s] Downloading rustup-init:  84%|████████▍ | 10.7M/12.7M        [31m│[0m
[31m│[0m       [02:41<00:18, 111kB/s]Downloading rustup-init:  84%|████████▍ | 10.7M/12.7M [02:41<00:26, 75.1kB/s]Downloading rustup-init:  84%|████████▍ | 10.7M/12.7M [02:42<00:29, 67.0kB/s]Downloading rustup-init:  85%|████████▍ | 10.7M/12.7M         [31m│[0m
[31m│[0m       [02:42<00:25, 75.4kB/s]Downloading rustup-init:  85%|████████▍ | 10.8M/12.7M [02:42<00:22, 85.9kB/s]Downloading rustup-init:  85%|████████▌ | 10.8M/12.7M [02:42<00:21, 90.2kB/s]Downloading rustup-init:  85%|████████▌ | 10.8M/12.7M        [31m│[0m
[31m│[0m       [02:43<00:17, 107kB/s] Downloading rustup-init:  85%|████████▌ | 10.8M/12.7M [02:43<00:19, 94.1kB/s]Downloading rustup-init:  86%|████████▌ | 10.9M/12.7M [02:43<00:18, 99.9kB/s]Downloading rustup-init:  86%|████████▌ | 10.9M/12.7M        [31m│[0m
[31m│[0m       [02:43<00:25, 70.9kB/s]Downloading rustup-init:  86%|████████▌ | 10.9M/12.7M [02:44<00:31, 57.2kB/s]Downloading rustup-init:  86%|████████▌ | 10.9M/12.7M [02:44<00:33, 53.9kB/s]Downloading rustup-init:  86%|████████▌ | 10.9M/12.7M        [31m│[0m
[31m│[0m       [02:44<00:30, 57.5kB/s]Downloading rustup-init:  86%|████████▌ | 10.9M/12.7M [02:45<00:29, 59.2kB/s]Downloading rustup-init:  86%|████████▋ | 11.0M/12.7M [02:45<00:30, 56.5kB/s]Downloading rustup-init:  86%|████████▋ | 11.0M/12.7M        [31m│[0m
[31m│[0m       [02:45<00:34, 50.5kB/s]Downloading rustup-init:  87%|████████▋ | 11.0M/12.7M [02:46<00:27, 62.9kB/s]Downloading rustup-init:  87%|████████▋ | 11.0M/12.7M [02:46<00:31, 53.5kB/s]Downloading rustup-init:  87%|████████▋ | 11.0M/12.7M        [31m│[0m
[31m│[0m       [02:46<00:31, 53.1kB/s]Downloading rustup-init:  87%|████████▋ | 11.0M/12.7M [02:47<00:31, 52.5kB/s]Downloading rustup-init:  87%|████████▋ | 11.1M/12.7M [02:47<00:34, 47.7kB/s]Downloading rustup-init:  87%|████████▋ | 11.1M/12.7M        [31m│[0m
[31m│[0m       [02:48<00:47, 34.0kB/s]Downloading rustup-init:  87%|████████▋ | 11.1M/12.7M [02:48<00:42, 38.1kB/s]Downloading rustup-init:  87%|████████▋ | 11.1M/12.7M [02:48<00:33, 47.4kB/s]Downloading rustup-init:  88%|████████▊ | 11.1M/12.7M        [31m│[0m
[31m│[0m       [02:49<00:32, 49.0kB/s]Downloading rustup-init:  88%|████████▊ | 11.1M/12.7M [02:49<00:28, 55.6kB/s]Downloading rustup-init:  88%|████████▊ | 11.1M/12.7M [02:49<00:28, 54.8kB/s]Downloading rustup-init:  88%|████████▊ | 11.2M/12.7M        [31m│[0m
[31m│[0m       [02:49<00:29, 52.1kB/s]Downloading rustup-init:  88%|████████▊ | 11.2M/12.7M [02:50<00:26, 57.7kB/s]Downloading rustup-init:  88%|████████▊ | 11.2M/12.7M [02:50<00:22, 67.2kB/s]Downloading rustup-init:  88%|████████▊ | 11.2M/12.7M        [31m│[0m
[31m│[0m       [02:50<00:24, 59.6kB/s]Downloading rustup-init:  88%|████████▊ | 11.2M/12.7M [02:50<00:24, 60.4kB/s]Downloading rustup-init:  89%|████████▊ | 11.2M/12.7M [02:51<00:25, 57.0kB/s]Downloading rustup-init:  89%|████████▉ | 11.3M/12.7M        [31m│[0m
[31m│[0m       [02:51<00:25, 56.7kB/s]Downloading rustup-init:  89%|████████▉ | 11.3M/12.7M [02:52<00:29, 47.2kB/s]Downloading rustup-init:  89%|████████▉ | 11.3M/12.7M [02:52<00:32, 43.0kB/s]Downloading rustup-init:  89%|████████▉ | 11.3M/12.7M        [31m│[0m
[31m│[0m       [02:52<00:31, 43.9kB/s]Downloading rustup-init:  89%|████████▉ | 11.3M/12.7M [02:53<00:32, 41.5kB/s]Downloading rustup-init:  89%|████████▉ | 11.3M/12.7M [02:53<00:26, 50.4kB/s]Downloading rustup-init:  90%|████████▉ | 11.4M/12.7M        [31m│[0m
[31m│[0m       [02:53<00:21, 60.8kB/s]Downloading rustup-init:  90%|████████▉ | 11.4M/12.7M [02:53<00:22, 57.6kB/s]Downloading rustup-init:  90%|████████▉ | 11.4M/12.7M [02:54<00:21, 60.5kB/s]Downloading rustup-init:  90%|████████▉ | 11.4M/12.7M        [31m│[0m
[31m│[0m       [02:54<00:22, 58.0kB/s]Downloading rustup-init:  90%|█████████ | 11.4M/12.7M [02:54<00:19, 63.2kB/s]Downloading rustup-init:  90%|█████████ | 11.4M/12.7M [02:54<00:19, 64.4kB/s]Downloading rustup-init:  90%|█████████ | 11.5M/12.7M        [31m│[0m
[31m│[0m       [02:55<00:17, 71.7kB/s]Downloading rustup-init:  90%|█████████ | 11.5M/12.7M [02:55<00:19, 62.1kB/s]Downloading rustup-init:  91%|█████████ | 11.5M/12.7M [02:55<00:16, 72.3kB/s]Downloading rustup-init:  91%|█████████ | 11.5M/12.7M        [31m│[0m
[31m│[0m       [02:55<00:18, 62.4kB/s]Downloading rustup-init:  91%|█████████ | 11.5M/12.7M [02:56<00:15, 75.8kB/s]Downloading rustup-init:  91%|█████████ | 11.5M/12.7M [02:56<00:13, 84.4kB/s]Downloading rustup-init:  91%|█████████ | 11.6M/12.7M        [31m│[0m
[31m│[0m       [02:56<00:15, 75.1kB/s]Downloading rustup-init:  91%|█████████ | 11.6M/12.7M [02:56<00:14, 78.5kB/s]Downloading rustup-init:  91%|█████████▏| 11.6M/12.7M [02:56<00:16, 65.2kB/s]Downloading rustup-init:  91%|█████████▏| 11.6M/12.7M        [31m│[0m
[31m│[0m       [02:57<00:14, 75.5kB/s]Downloading rustup-init:  92%|█████████▏| 11.6M/12.7M [02:57<00:10, 104kB/s] Downloading rustup-init:  92%|█████████▏| 11.7M/12.7M [02:57<00:11, 87.8kB/s]Downloading rustup-init:  92%|█████████▏| 11.7M/12.7M        [31m│[0m
[31m│[0m       [02:57<00:08, 113kB/s] Downloading rustup-init:  92%|█████████▏| 11.7M/12.7M [02:58<00:11, 82.2kB/s]Downloading rustup-init:  92%|█████████▏| 11.7M/12.7M [02:58<00:11, 87.3kB/s]Downloading rustup-init:  92%|█████████▏| 11.7M/12.7M        [31m│[0m
[31m│[0m       [02:58<00:13, 72.6kB/s]Downloading rustup-init:  93%|█████████▎| 11.8M/12.7M [02:58<00:12, 75.1kB/s]Downloading rustup-init:  93%|█████████▎| 11.8M/12.7M [02:59<00:13, 67.4kB/s]Downloading rustup-init:  93%|█████████▎| 11.8M/12.7M        [31m│[0m
[31m│[0m       [02:59<00:12, 73.8kB/s]Downloading rustup-init:  93%|█████████▎| 11.8M/12.7M [02:59<00:16, 52.7kB/s]Downloading rustup-init:  93%|█████████▎| 11.8M/12.7M [03:00<00:16, 53.0kB/s]Downloading rustup-init:  93%|█████████▎| 11.8M/12.7M        [31m│[0m
[31m│[0m       [03:00<00:14, 58.9kB/s]Downloading rustup-init:  93%|█████████▎| 11.9M/12.7M [03:00<00:11, 71.0kB/s]Downloading rustup-init:  94%|█████████▎| 11.9M/12.7M [03:00<00:12, 67.2kB/s]Downloading rustup-init:  94%|█████████▍| 11.9M/12.7M        [31m│[0m
[31m│[0m       [03:00<00:08, 89.2kB/s]Downloading rustup-init:  94%|█████████▍| 11.9M/12.7M [03:01<00:09, 85.1kB/s]Downloading rustup-init:  94%|█████████▍| 11.9M/12.7M [03:01<00:08, 90.6kB/s]Downloading rustup-init:  94%|█████████▍| 12.0M/12.7M        [31m│[0m
[31m│[0m       [03:01<00:11, 66.2kB/s]Downloading rustup-init:  94%|█████████▍| 12.0M/12.7M [03:01<00:10, 67.3kB/s]Downloading rustup-init:  94%|█████████▍| 12.0M/12.7M [03:02<00:11, 62.9kB/s]Downloading rustup-init:  95%|█████████▍| 12.0M/12.7M        [31m│[0m
[31m│[0m       [03:02<00:11, 61.1kB/s]Downloading rustup-init:  95%|█████████▍| 12.0M/12.7M [03:02<00:11, 60.7kB/s]Downloading rustup-init:  95%|█████████▍| 12.0M/12.7M [03:02<00:08, 73.4kB/s]Downloading rustup-init:  95%|█████████▍| 12.1M/12.7M        [31m│[0m
[31m│[0m       [03:03<00:07, 83.0kB/s]Downloading rustup-init:  95%|█████████▌| 12.1M/12.7M [03:03<00:08, 76.4kB/s]Downloading rustup-init:  95%|█████████▌| 12.1M/12.7M [03:03<00:07, 84.0kB/s]Downloading rustup-init:  95%|█████████▌| 12.1M/12.7M        [31m│[0m
[31m│[0m       [03:03<00:07, 74.8kB/s]Downloading rustup-init:  96%|█████████▌| 12.1M/12.7M [03:04<00:08, 66.4kB/s]Downloading rustup-init:  96%|█████████▌| 12.1M/12.7M [03:04<00:07, 69.5kB/s]Downloading rustup-init:  96%|█████████▌| 12.2M/12.7M        [31m│[0m
[31m│[0m       [03:04<00:08, 63.3kB/s]Downloading rustup-init:  96%|█████████▌| 12.2M/12.7M [03:05<00:07, 64.3kB/s]Downloading rustup-init:  96%|█████████▌| 12.2M/12.7M [03:05<00:08, 58.5kB/s]Downloading rustup-init:  96%|█████████▌| 12.2M/12.7M        [31m│[0m
[31m│[0m       [03:05<00:07, 61.3kB/s]Downloading rustup-init:  96%|█████████▋| 12.2M/12.7M [03:06<00:08, 54.1kB/s]Downloading rustup-init:  97%|█████████▋| 12.2M/12.7M [03:06<00:07, 63.4kB/s]Downloading rustup-init:  97%|█████████▋| 12.3M/12.7M        [31m│[0m
[31m│[0m       [03:06<00:06, 67.2kB/s]Downloading rustup-init:  97%|█████████▋| 12.3M/12.7M [03:06<00:05, 78.2kB/s]Downloading rustup-init:  97%|█████████▋| 12.3M/12.7M [03:06<00:04, 90.1kB/s]Downloading rustup-init:  97%|█████████▋| 12.3M/12.7M        [31m│[0m
[31m│[0m       [03:06<00:05, 71.5kB/s]Downloading rustup-init:  97%|█████████▋| 12.3M/12.7M [03:07<00:06, 54.7kB/s]Downloading rustup-init:  97%|█████████▋| 12.3M/12.7M [03:07<00:06, 54.9kB/s]Downloading rustup-init:  97%|█████████▋| 12.4M/12.7M        [31m│[0m
[31m│[0m       [03:08<00:06, 53.9kB/s]Downloading rustup-init:  98%|█████████▊| 12.4M/12.7M [03:08<00:07, 44.1kB/s]Downloading rustup-init:  98%|█████████▊| 12.4M/12.7M [03:08<00:05, 51.5kB/s]Downloading rustup-init:  98%|█████████▊| 12.4M/12.7M        [31m│[0m
[31m│[0m       [03:09<00:05, 55.8kB/s]Downloading rustup-init:  98%|█████████▊| 12.4M/12.7M [03:09<00:04, 63.6kB/s]Downloading rustup-init:  98%|█████████▊| 12.4M/12.7M [03:09<00:03, 77.5kB/s]Downloading rustup-init:  98%|█████████▊| 12.5M/12.7M        [31m│[0m
[31m│[0m       [03:09<00:03, 74.0kB/s]Downloading rustup-init:  98%|█████████▊| 12.5M/12.7M [03:09<00:02, 71.7kB/s]Downloading rustup-init:  98%|█████████▊| 12.5M/12.7M [03:10<00:04, 48.0kB/s]Downloading rustup-init:  99%|█████████▊| 12.5M/12.7M        [31m│[0m
[31m│[0m       [03:10<00:04, 41.2kB/s]Downloading rustup-init:  99%|█████████▊| 12.5M/12.7M [03:11<00:03, 45.7kB/s]Downloading rustup-init:  99%|█████████▉| 12.5M/12.7M [03:11<00:02, 54.4kB/s]Downloading rustup-init:  99%|█████████▉| 12.6M/12.7M        [31m│[0m
[31m│[0m       [03:11<00:02, 55.3kB/s]Downloading rustup-init:  99%|█████████▉| 12.6M/12.7M [03:11<00:01, 65.0kB/s]Downloading rustup-init:  99%|█████████▉| 12.6M/12.7M [03:11<00:01, 77.2kB/s]Downloading rustup-init:  99%|█████████▉| 12.6M/12.7M        [31m│[0m
[31m│[0m       [03:12<00:01, 67.8kB/s]Downloading rustup-init:  99%|█████████▉| 12.6M/12.7M [03:12<00:00, 76.4kB/s]Downloading rustup-init: 100%|█████████▉| 12.6M/12.7M [03:12<00:00, 89.4kB/s]Downloading rustup-init: 100%|█████████▉| 12.7M/12.7M        [31m│[0m
[31m│[0m       [03:12<00:00, 85.8kB/s]Downloading rustup-init: 100%|█████████▉| 12.7M/12.7M [03:12<00:00, 88.8kB/s]Downloading rustup-init: 100%|██████████| 12.7M/12.7M [03:12<00:00, 65.8kB/s]                                                             [31m│[0m
[31m│[0m       Installing rust to /Users/balkis/Library/Caches/puccinialin/rustup                                                                                                                                                                            [31m│[0m
[31m│[0m       warn: It looks like you have an existing rustup settings file at:                                                                                                                                                                             [31m│[0m
[31m│[0m       warn: /Users/balkis/Library/Caches/puccinialin/rustup/settings.toml                                                                                                                                                                           [31m│[0m
[31m│[0m       warn: Rustup will install the default toolchain as specified in the settings file,                                                                                                                                                            [31m│[0m
[31m│[0m       warn: instead of the one inferred from the default host triple.                                                                                                                                                                               [31m│[0m
[31m│[0m       info: profile set to minimal                                                                                                                                                                                                                  [31m│[0m
[31m│[0m       info: setting default host triple to x86_64-apple-darwin                                                                                                                                                                                      [31m│[0m
[31m│[0m       info: syncing channel updates for stable-x86_64-apple-darwin                                                                                                                                                                                  [31m│[0m
[31m│[0m       info: latest update on 2026-05-28 for version 1.96.0 (ac68faa20 2026-05-25)                                                                                                                                                                   [31m│[0m
[31m│[0m       info: downloading 3 components                                                                                                                                                                                                                [31m│[0m
[31m│[0m       info: rolling back changes                                                                                                                                                                                                                    [31m│[0m
[31m│[0m       error: failed to extract package: No space left on device (os error 28)                                                                                                                                                                       [31m│[0m
[31m│[0m       Traceback (most recent call last):                                                                                                                                                                                                            [31m│[0m
[31m│[0m         File "<string>", line 11, in <module>                                                                                                                                                                                                       [31m│[0m
[31m│[0m         File "/Users/balkis/.cache/uv/builds-v0/.tmpnVn5JB/lib/python3.11/site-packages/maturin/__init__.py", line 145, in build_wheel                                                                                                              [31m│[0m
[31m│[0m           return _build_wheel(wheel_directory, config_settings, metadata_directory)                                                                                                                                                                 [31m│[0m
[31m│[0m                  ^^^^^^^^^^^^^^^^^^^^^^^^^^^^^^^^^^^^^^^^^^^^^^^^^^^^^^^^^^^^^^^^^^                                                                                                                                                                 [31m│[0m
[31m│[0m         File "/Users/balkis/.cache/uv/builds-v0/.tmpnVn5JB/lib/python3.11/site-packages/maturin/__init__.py", line 118, in _build_wheel                                                                                                             [31m│[0m
[31m│[0m           env = _get_env()                                                                                                                                                                                                                          [31m│[0m
[31m│[0m                 ^^^^^^^^^^                                                                                                                                                                                                                          [31m│[0m
[31m│[0m         File "/Users/balkis/.cache/uv/builds-v0/.tmpnVn5JB/lib/python3.11/site-packages/maturin/__init__.py", line 83, in _get_env                                                                                                                  [31m│[0m
[31m│[0m           extra_env = setup_rust()                                                                                                                                                                                                                  [31m│[0m
[31m│[0m                       ^^^^^^^^^^^^                                                                                                                                                                                                                  [31m│[0m
[31m│[0m         File "/Users/balkis/.cache/uv/builds-v0/.tmpnVn5JB/lib/python3.11/site-packages/puccinialin/_setup_rust.py", line 138, in setup_rust                                                                                                        [31m│[0m
[31m│[0m           install_rust(rustup_init, rustup_home, cargo_home, file, target_triple)                                                                                                                                                                   [31m│[0m
[31m│[0m         File "/Users/balkis/.cache/uv/builds-v0/.tmpnVn5JB/lib/python3.11/site-packages/puccinialin/_setup_rust.py", line 73, in install_rust                                                                                                       [31m│[0m
[31m│[0m           check_call(                                                                                                                                                                                                                               [31m│[0m
[31m│[0m         File "/Users/balkis/.pyenv/versions/3.11.9/lib/python3.11/subprocess.py", line 413, in check_call                                                                                                                                           [31m│[0m
[31m│[0m           raise CalledProcessError(retcode, cmd)                                                                                                                                                                                                    [31m│[0m
[31m│[0m       subprocess.CalledProcessError: Command '[PosixPath('/Users/balkis/Library/Caches/puccinialin/rustup-init/rustup-init'), '-y', '--no-modify-path', '--profile', 'minimal', '--default-host', 'x86_64-apple-darwin']' returned non-zero exit    [31m│[0m
[31m│[0m       status 1.                                                                                                                                                                                                                                     [31m│[0m
[31m│[0m                                                                                                                                                                                                                                                     [31m│[0m
[31m│[0m                                                                                                                                                                                                                                                     [31m│[0m
[31m│[0m hint: `cryptography` (v49.0.0) was included because `tap-spreadsheets-anywhere` (v0.1.0) depends on `google-cloud-storage` (v3.12.0) which depends on `google-auth` (v2.54.0) which depends on `cryptography`                                       [31m│[0m
[31m│[0m hint: Build failures usually indicate a problem with the package or the build environment                                                                                                                                                           [31m│[0m
[31m╰─[0m[31m─────────────────────────────────────────────────────────────────────────────────────────────────────────────────[0m[31m Command failed [0m[31m──────────────────────────────────────────────────────────────────────────────────────────────────────────────────[0m[31m─╯[0m

[2m2026-06-15T15:09:59.899697Z[0m [[31merror    [0m] [36mmeltano     [0m [1mInstallation failed. Command failed.[0m
[2m2026-06-15T15:10:00.498287Z[0m [[33mwarning  [0m] [36mmeltano     [0m [1mInstalled 1/2 plugins         [0m
[2m2026-06-15T15:10:00.500522Z[0m [[32minfo     [0m] [36mmeltano     [0m [1mRunning job with name 'dev:tap-spreadsheets-anywhere-to-target-bigquery' and run ID '019ecbbc-56a1-71ea-84fb-06323392693a'[0m
[2m2026-06-15T15:10:00.668990Z[0m [[31merror    [0m] [36mmeltano     [0m [1mCannot start plugin tap-spreadsheets-anywhere: Executable 'tap-spreadsheets-anywhere' could not be found. Extractor 'tap-spreadsheets-anywhere' may not have been installed yet using `meltano install --plugin-type extractor tap-spreadsheets-anywhere`, or the executable name may be incorrect.[0m
[2m2026-06-15T15:10:00.670168Z[0m [[31merror    [0m] [36mmeltano     [0m [1mBlock run completed           [0m
[2m2026-06-15T15:10:00.674880Z[0m [[32minfo     [0m] [36mmeltano     [0m [1mRun completed                 [0m
[32m2026-06-15 23:10:02 +0800[0m - dagster - [34mERROR[0m - [31m__ASSET_JOB - 266a5ff1-c3bf-4a2c-bf3a-5f6e7157e387 - 26833 - meltano_ingestion - STEP_FAILURE - Execution of step "meltano_ingestion" failed.

dagster._core.errors.DagsterExecutionStepExecutionError: Error occurred while executing op "meltano_ingestion"::

subprocess.CalledProcessError: Command '['meltano', 'run', 'tap-spreadsheets-anywhere', 'target-bigquery']' returned non-zero exit status 1.

Stack Trace:
  File "/Users/balkis/.pyenv/versions/3.11.9/lib/python3.11/site-packages/dagster/_core/execution/plan/utils.py", line 57, in op_execution_error_boundary
    yield
  File "/Users/balkis/.pyenv/versions/3.11.9/lib/python3.11/site-packages/dagster/_utils/__init__.py", line 394, in iterate_with_context
    next_output = next(iterator)
                  ^^^^^^^^^^^^^^
  File "/Users/balkis/.pyenv/versions/3.11.9/lib/python3.11/site-packages/dagster/_core/execution/plan/compute_generator.py", line 136, in _coerce_op_compute_fn_to_iterator
    result = invoke_compute_fn(
             ^^^^^^^^^^^^^^^^^^
  File "/Users/balkis/.pyenv/versions/3.11.9/lib/python3.11/site-packages/dagster/_core/execution/plan/compute_generator.py", line 116, in invoke_compute_fn
    return fn(context, **args_to_pass) if context_arg_provided else fn(**args_to_pass)
                                                                    ^^^^^^^^^^^^^^^^^^
  File "/Users/balkis/Documents/NTU_DSAI_April_2026/olist-data-pipeline/dagster-olist/dagster_olist/assets.py", line 13, in meltano_ingestion
    subprocess.run(
  File "/Users/balkis/.pyenv/versions/3.11.9/lib/python3.11/subprocess.py", line 571, in run
    raise CalledProcessError(retcode, process.args,
[0m
